<?xml version="1.0" encoding="UTF-8"?>
<!-- Generated by org.testng.reporters.JUnitXMLReporter -->
<testsuite ignored="0" hostname="SANTOSHP" failures="0" tests="2" name="Error Validation" time="12.905" errors="0" timestamp="2025-11-24T17:01:40 IST">
  <testcase classname="personal.tests.ErrorValidationTest" name="loginErrorValidation" time="2.826"/>
  <testcase classname="personal.tests.ErrorValidationTest" name="loginErrorValidationForEmptyFields" time="0.592"/>
</testsuite> <!-- Error Validation -->
