<?xml version="1.0" encoding="UTF-8"?>
<!-- Generated by org.testng.reporters.JUnitXMLReporter -->
<testsuite ignored="2" hostname="SANTOSHP" failures="0" tests="0" time="0.021" errors="0" timestamp="2025-11-24T16:59:13 IST">
  <testcase classname="personal.tests.ErrorValidationTest" name="loginErrorValidationForEmptyFields" time="0.0">
    <ignored/>
  </testcase> <!-- loginErrorValidationForEmptyFields -->
  <testcase classname="personal.tests.ErrorValidationTest" name="loginErrorValidation" time="0.0">
    <ignored/>
  </testcase> <!-- loginErrorValidation -->
</testsuite>
