<?xml version="1.0" encoding="UTF-8"?>
<!-- Generated by org.testng.reporters.JUnitXMLReporter -->
<testsuite ignored="0" hostname="SANTOSHP" failures="0" tests="3" name="Placing an order" time="23.491" errors="0" timestamp="2025-11-24T17:01:51 IST">
  <testcase classname="personal.tests.SubmitOrderTest" name="placingOrder" time="4.896"/>
  <testcase classname="personal.tests.SubmitOrderTest" name="placingOrder" time="4.709"/>
  <testcase classname="personal.tests.SubmitOrderTest" name="verifyOrderDisplay" time="1.13"/>
</testsuite> <!-- Placing an order -->
