<?xml version="1.0" encoding="UTF-8"?>
<!-- Generated by org.testng.reporters.JUnitXMLReporter -->
<testsuite ignored="3" hostname="SANTOSHP" failures="1" tests="1" name="test" time="5.859" errors="0" timestamp="2025-11-04T16:12:44 IST">
  <testcase classname="personal.tests.SubmitOrderTest" name="verifyEmptyCartMessageTest" time="1.258">
    <failure type="java.lang.AssertionError" message="Cart is not empty as expected expected [true] but found [false]">
      <![CDATA[java.lang.AssertionError: Cart is not empty as expected expected [true] but found [false]
at personal.tests.SubmitOrderTest.verifyEmptyCartMessageTest(SubmitOrderTest.java:108)
at java.base/java.util.ArrayList.forEach(ArrayList.java:1596)
... Removed 28 stack frames]]>
    </failure>
  </testcase> <!-- verifyEmptyCartMessageTest -->
  <testcase classname="personal.tests.SubmitOrderTest" name="verifyProductSearchTest" time="0.0">
    <ignored/>
  </testcase> <!-- verifyProductSearchTest -->
  <testcase classname="personal.tests.SubmitOrderTest" name="viewOrderTest" time="0.0">
    <ignored/>
  </testcase> <!-- viewOrderTest -->
  <testcase classname="personal.tests.SubmitOrderTest" name="submitOrderTest" time="0.0">
    <ignored/>
  </testcase> <!-- submitOrderTest -->
</testsuite> <!-- test -->
