<?xml version="1.0" encoding="UTF-8"?>
<!-- Generated by org.testng.reporters.JUnitReportReporter -->
<testsuite hostname="SANTOSHP" failures="0" tests="2" name="personal.tests.ErrorValidationTest" time="12.806" errors="0" timestamp="2025-11-24T17:01:51 IST" skipped="0">
  <testcase classname="personal.tests.ErrorValidationTest" name="loginErrorValidationForEmptyFields" time="4.495"/>
  <testcase classname="personal.tests.ErrorValidationTest" name="loginErrorValidation" time="8.311"/>
</testsuite> <!-- personal.tests.ErrorValidationTest -->
