<?xml version="1.0" encoding="UTF-8"?>
<!-- Generated by org.testng.reporters.JUnitReportReporter -->
<testsuite hostname="SANTOSHP" failures="0" tests="3" name="personal.tests.SubmitOrderTest" time="22.915" errors="0" timestamp="2025-11-24T17:01:51 IST" skipped="0">
  <testcase classname="personal.tests.SubmitOrderTest" name="placingOrder" time="8.189"/>
  <testcase classname="personal.tests.SubmitOrderTest" name="verifyOrderDisplay" time="6.346"/>
  <testcase classname="personal.tests.SubmitOrderTest" name="placingOrder" time="8.380"/>
</testsuite> <!-- personal.tests.SubmitOrderTest -->
